<?xml version="1.0" encoding="UTF-8"?>
<!-- Generated by org.testng.reporters.JUnitXMLReporter -->
<testsuite ignored="7" hostname="MacBook-Pro.local" failures="0" tests="1" name="Ellipse" time="0.004" errors="0" timestamp="2022-09-09T09:25:32 EEST">
  <testcase classname="TestDriver" name="Ellipse" time="0.001"/>
  <testcase classname="TestDriver" name="Parallelogram" time="0.0">
    <ignored/>
  </testcase> <!-- Parallelogram -->
  <testcase classname="TestDriver" name="Sector" time="0.0">
    <ignored/>
  </testcase> <!-- Sector -->
  <testcase classname="TestDriver" name="Square" time="0.0">
    <ignored/>
  </testcase> <!-- Square -->
  <testcase classname="TestDriver" name="Rectangle" time="0.0">
    <ignored/>
  </testcase> <!-- Rectangle -->
  <testcase classname="TestDriver" name="Circle" time="0.0">
    <ignored/>
  </testcase> <!-- Circle -->
  <testcase classname="TestDriver" name="Triangle" time="0.0">
    <ignored/>
  </testcase> <!-- Triangle -->
  <testcase classname="TestDriver" name="Trapezoid" time="0.0">
    <ignored/>
  </testcase> <!-- Trapezoid -->
</testsuite> <!-- Ellipse -->
